Log file open, 05/18/17 20:45:05
LogInit:Display: Running engine for game: MyProject
LogPlatformFile: Not using cached read wrapper
LogInit:Display: RandInit(1844458087) SRandInit(1844458101).
LogTaskGraph: Started task graph with 5 named threads and 8 total threads with 1 sets of task threads.
LogStats: Stats thread started at 0.088680
LogInit: Using libcurl 7.47.1
LogInit:  - built for x86_64-pc-win32
LogInit:  - supports SSL with OpenSSL/1.0.2g
LogInit:  - supports HTTP deflate (compression) using libz 1.2.8
LogInit:  - other features:
LogInit:      CURL_VERSION_SSL
LogInit:      CURL_VERSION_LIBZ
LogInit:      CURL_VERSION_IPV6
LogInit:      CURL_VERSION_ASYNCHDNS
LogInit:      CURL_VERSION_LARGEFILE
LogInit:      CURL_VERSION_IDN
LogInit:  CurlRequestOptions (configurable via config and command line):
LogInit:  - bVerifyPeer = false  - Libcurl will NOT verify peer certificate
LogInit:  - bUseHttpProxy = false  - Libcurl will NOT use HTTP proxy
LogInit:  - bDontReuseConnections = false  - Libcurl will reuse connections
LogInit:  - CertBundlePath = nullptr  - Libcurl will use whatever was configured at build time.
LogInit: Build: ++UE4+Release-4.15-CL-3348071
LogInit: Engine Version: 4.15.1-3348071+++UE4+Release-4.15
LogInit: Compatible Engine Version: 4.15.0-3299760+++UE4+Release-4.15
LogInit: Net CL: 3299760
LogDevObjectVersion: Number of dev versions registered: 14
LogDevObjectVersion:   Dev-Blueprints (B0D832E4-1F89-4F0D-ACCF-7EB736FD4AA2): 8
LogDevObjectVersion:   Dev-Build (E1C64328-A22C-4D53-A36C-8E866417BD8C): 0
LogDevObjectVersion:   Dev-Core (375EC13C-06E4-48FB-B500-84F0262A717E): 2
LogDevObjectVersion:   Dev-Editor (E4B068ED-F494-42E9-A231-DA0B2E46BB41): 14
LogDevObjectVersion:   Dev-Framework (CFFC743F-43B0-4480-9391-14DF171D2073): 22
LogDevObjectVersion:   Dev-Mobile (B02B49B5-BB20-44E9-A304-32B752E40360): 0
LogDevObjectVersion:   Dev-Networking (A4E4105C-59A1-49B5-A7C5-40C4547EDFEE): 0
LogDevObjectVersion:   Dev-Online (39C831C9-5AE6-47DC-9A44-9C173E1C8E7C): 0
LogDevObjectVersion:   Dev-Physics (78F01B33-EBEA-4F98-B9B4-84EACCB95AA2): 0
LogDevObjectVersion:   Dev-Platform (6631380F-2D4D-43E0-8009-CF276956A95A): 0
LogDevObjectVersion:   Dev-Rendering (12F88B9F-8875-4AFC-A67C-D90C383ABD29): 12
LogDevObjectVersion:   Dev-Sequencer (7B5AE74C-D270-4C10-A958-57980B212A5A): 3
LogDevObjectVersion:   Dev-VR (D7296918-1DD6-4BDD-9DE2-64A83CC13884): 0
LogDevObjectVersion:   Dev-LoadTimes (C2A15278-BFE7-4AFE-6C17-90FF531DF755): 1
LogInit: Compiled (64-bit): Mar 15 2017 16:52:47
LogInit: Compiled with Visual C++: 19.00.23026.00
LogInit: Build Configuration: Development
LogInit: Branch Name: ++UE4+Release-4.15
LogInit: Command line:  
LogInit: Base directory: C:/Program Files/Epic Games/UE_4.15/Engine/Binaries/Win64/
LogInit: Installed Engine Build: 1
LogInit: Presizing for max 8388607 objects, including 0 objects not considered by GC, pre-allocating 0 bytes for permanent pool.
LogInit: Object subsystem initialized
[2017.05.18-23.45.06:702][  0]LogInit: Selected Device Profile: [Windows]
[2017.05.18-23.45.06:702][  0]LogInit: Applying CVar settings loaded from the selected device profile: [Windows]
[2017.05.18-23.45.06:857][  0]LogInit: Computer: BLAKE
[2017.05.18-23.45.06:857][  0]LogInit: User: Blake
[2017.05.18-23.45.06:857][  0]LogInit: CPU Page size=65536, Cores=4
[2017.05.18-23.45.06:857][  0]LogInit: High frequency timer resolution =14.318180 MHz
[2017.05.18-23.45.06:857][  0]LogMemory: Memory total: Physical=8.0GB (8GB approx)
[2017.05.18-23.45.06:857][  0]LogMemory: Platform Memory Stats for Windows
[2017.05.18-23.45.06:857][  0]LogMemory: Process Physical Memory: 267.55 MB used, 267.55 MB peak
[2017.05.18-23.45.06:857][  0]LogMemory: Process Virtual Memory: 266.50 MB used, 266.50 MB peak
[2017.05.18-23.45.06:857][  0]LogMemory: Physical Memory: 3700.98 MB used,  4490.20 MB free, 8191.18 MB total
[2017.05.18-23.45.06:857][  0]LogMemory: Virtual Memory: 647.80 MB used,  4490.20 MB free, 134217728.00 MB total
[2017.05.18-23.45.07:056][  0]LogTextLocalizationManager: No specific translations for ('en-US') exist, so ('en') translations will be used.
[2017.05.18-23.45.13:665][  0]LogD3D11RHI: D3D11 adapters:
[2017.05.18-23.45.13:680][  0]LogD3D11RHI:    0. 'AMD Radeon HD 6800 Series' (Feature Level 11_0)
[2017.05.18-23.45.13:680][  0]LogD3D11RHI:       1011/0/3840 MB DedicatedVideo/DedicatedSystem/SharedSystem, Outputs:1, VendorId:0x1002
[2017.05.18-23.45.13:682][  0]LogD3D11RHI:    1. 'Microsoft Basic Render Driver' (Feature Level 11_0)
[2017.05.18-23.45.13:682][  0]LogD3D11RHI:       0/0/4095 MB DedicatedVideo/DedicatedSystem/SharedSystem, Outputs:0, VendorId:0x1414
[2017.05.18-23.45.13:682][  0]LogD3D11RHI: Chosen D3D11 Adapter: 0
[2017.05.18-23.45.13:690][  0]LogD3D11RHI: Creating new Direct3DDevice
[2017.05.18-23.45.13:690][  0]LogD3D11RHI:     GPU DeviceId: 0x6739 (for the marketing name, search the web for "GPU Device Id")
[2017.05.18-23.45.13:690][  0]LogWindows: EnumDisplayDevices:
[2017.05.18-23.45.13:690][  0]LogWindows:    0. 'AMD Radeon HD 6800 Series' (P:1 D:1)
[2017.05.18-23.45.13:691][  0]LogWindows:    1. 'AMD Radeon HD 6800 Series' (P:0 D:0)
[2017.05.18-23.45.13:691][  0]LogWindows:    2. 'AMD Radeon HD 6800 Series' (P:0 D:0)
[2017.05.18-23.45.13:692][  0]LogWindows:    3. 'AMD Radeon HD 6800 Series' (P:0 D:0)
[2017.05.18-23.45.13:692][  0]LogWindows:    4. 'AMD Radeon HD 6800 Series' (P:0 D:0)
[2017.05.18-23.45.13:693][  0]LogWindows:    5. 'AMD Radeon HD 6800 Series' (P:0 D:0)
[2017.05.18-23.45.13:694][  0]LogWindows: DebugString: FoundDriverCount:6 
[2017.05.18-23.45.13:694][  0]LogD3D11RHI:     Adapter Name: AMD Radeon HD 6800 Series
[2017.05.18-23.45.13:694][  0]LogD3D11RHI:   Driver Version: Crimson 16.2.1 (internal:15.200.1062.1004, unified:15.200.1062.1004)
[2017.05.18-23.45.13:694][  0]LogD3D11RHI:      Driver Date: 8-3-2015
[2017.05.18-23.45.13:694][  0]LogRHI: Texture pool is 708 MB (70% of 1011 MB)
[2017.05.18-23.45.13:835][  0]LogD3D11RHI: AMD Pre GCN architecture detected, some driver workarounds will be in place
[2017.05.18-23.45.13:845][  0]LogD3D11RHI: Async texture creation enabled
[2017.05.18-23.45.13:857][  0]LogD3D11RHI: GPU Timing Frequency: 27.000000 (Debug: 2 1)
[2017.05.18-23.45.13:858][  0]LogShaderCompilers: Guid format shader working directory is -12 characters bigger than the processId version (../../../../../../Users/Blake/Documents/Juego/MyProject12/Intermediate/Shaders/WorkingDirectory/12268/).
[2017.05.18-23.45.13:858][  0]LogShaderCompilers: Cleaned the shader compiler working directory 'C:/Users/Blake/AppData/Local/Temp/UnrealShaderWorkingDir/C36980A74E052534F20AC88144177F0E/'.
[2017.05.18-23.45.13:858][  0]LogShaderCompilers:Display: Using Local Shader Compiler.
[2017.05.18-23.45.19:062][  0]LogTemp:Display: Loaded TP AllDesktopTargetPlatform
[2017.05.18-23.45.19:158][  0]LogTemp:Display: Loaded TP MacClientTargetPlatform
[2017.05.18-23.45.19:246][  0]LogTemp:Display: Loaded TP MacNoEditorTargetPlatform
[2017.05.18-23.45.19:337][  0]LogTemp:Display: Loaded TP MacServerTargetPlatform
[2017.05.18-23.45.19:458][  0]LogTemp:Display: Loaded TP MacTargetPlatform
[2017.05.18-23.45.19:549][  0]LogTemp:Display: Loaded TP WindowsClientTargetPlatform
[2017.05.18-23.45.19:634][  0]LogTemp:Display: Loaded TP WindowsNoEditorTargetPlatform
[2017.05.18-23.45.19:727][  0]LogTemp:Display: Loaded TP WindowsServerTargetPlatform
[2017.05.18-23.45.19:799][  0]LogTemp:Display: Loaded TP WindowsTargetPlatform
[2017.05.18-23.45.19:891][  0]LogTemp:Display: Loaded TP AndroidTargetPlatform
[2017.05.18-23.45.19:977][  0]LogTemp:Display: Loaded TP Android_ASTCTargetPlatform
[2017.05.18-23.45.20:063][  0]LogTemp:Display: Loaded TP Android_ATCTargetPlatform
[2017.05.18-23.45.20:148][  0]LogTemp:Display: Loaded TP Android_DXTTargetPlatform
[2017.05.18-23.45.20:234][  0]LogTemp:Display: Loaded TP Android_ETC1TargetPlatform
[2017.05.18-23.45.20:324][  0]LogTemp:Display: Loaded TP Android_ETC2TargetPlatform
[2017.05.18-23.45.20:500][  0]LogTemp:Display: Loaded TP Android_MultiTargetPlatform
[2017.05.18-23.45.20:500][  0]LogTemp:Display: Loaded TP Android_PVRTCTargetPlatform
[2017.05.18-23.45.20:561][  0]LogTemp:Display: Loaded TP HTML5TargetPlatform
[2017.05.18-23.45.20:737][  0]LogTemp:Display: Loaded TP IOSTargetPlatform
[2017.05.18-23.45.20:801][  0]LogTemp:Display: Loaded TP TVOSTargetPlatform
[2017.05.18-23.45.20:890][  0]LogTemp:Display: Loaded TP LinuxClientTargetPlatform
[2017.05.18-23.45.20:981][  0]LogTemp:Display: Loaded TP LinuxNoEditorTargetPlatform
[2017.05.18-23.45.21:099][  0]LogTemp:Display: Loaded TP LinuxServerTargetPlatform
[2017.05.18-23.45.21:247][  0]LogTemp:Display: Loaded TP LinuxTargetPlatform
[2017.05.18-23.45.21:247][  0]LogTargetPlatformManager:Display: Building Assets For Windows
[2017.05.18-23.45.22:011][  0]LogDerivedDataCache:Display: Max Cache Size: 512 MB
[2017.05.18-23.45.22:144][  0]LogDerivedDataCache: Loaded boot cache 0.13s 50MB C:/Users/Blake/AppData/Local/UnrealEngine/4.15/DerivedDataCache/Boot.ddc.
[2017.05.18-23.45.22:144][  0]LogDerivedDataCache:Display: Loaded Boot cache: C:/Users/Blake/AppData/Local/UnrealEngine/4.15/DerivedDataCache/Boot.ddc
[2017.05.18-23.45.22:144][  0]LogDerivedDataCache: FDerivedDataBackendGraph:  Pak pak cache file ../../../../../../Users/Blake/Documents/Juego/MyProject12/DerivedDataCache/DDC.ddp not found, will not use a pak cache.
[2017.05.18-23.45.22:144][  0]LogDerivedDataCache: Unable to find inner node Pak for hierarchical cache Hierarchy.
[2017.05.18-23.45.22:144][  0]LogDerivedDataCache: FDerivedDataBackendGraph:  CompressedPak pak cache file ../../../../../../Users/Blake/Documents/Juego/MyProject12/DerivedDataCache/Compressed.ddp not found, will not use a pak cache.
[2017.05.18-23.45.22:144][  0]LogDerivedDataCache: Unable to find inner node CompressedPak for hierarchical cache Hierarchy.
[2017.05.18-23.45.22:182][  0]LogDerivedDataCache:Display: Pak cache opened for reading ../../../Engine/DerivedDataCache/Compressed.ddp.
[2017.05.18-23.45.22:195][  0]LogDerivedDataCache: Using Local data cache path C:/Users/Blake/AppData/Local/UnrealEngine/Common/DerivedDataCache: Writable
[2017.05.18-23.45.22:213][  0]LogSlate: Using Freetype 2.6.0
[2017.05.18-23.45.22:257][  0]LogSlate: SlateFontCache - WITH_FREETYPE: 1, WITH_HARFBUZZ: 1
[2017.05.18-23.45.22:257][  0]LogSlate: SlateFontCache - WITH_FREETYPE: 1, WITH_HARFBUZZ: 1
[2017.05.18-23.45.24:255][  0]LogInit: Selected Device Profile: [Windows]
[2017.05.18-23.45.24:259][  0]LogContentStreaming: Texture pool size is 0.00 MB
[2017.05.18-23.45.24:655][  0]LogMeshUtilities: Using QuadricMeshReduction for automatic static mesh reduction
[2017.05.18-23.45.24:725][  0]LogSimplygon: Simplygon DLL not present - disabling.
[2017.05.18-23.45.24:801][  0]LogMeshUtilities: Using SimplygonSwarm for distributed automatic mesh merging
[2017.05.18-23.45.24:801][  0]LogMeshUtilities: No automatic skeletal mesh reduction module available
[2017.05.18-23.45.24:801][  0]LogMeshUtilities: No automatic mesh merging module available
[2017.05.18-23.45.27:079][  0]LogNetVersion: GetLocalNetworkVersion: CL: 3299760, ProjectName: myproject, ProjectVersion: , EngineNetworkVersion: 2, GameNetworkVersion: 0, NetworkChecksum: 4136520461
[2017.05.18-23.45.27:140][  0]LogAssetRegistry: FAssetRegistry took 0.0225 seconds to start up
[2017.05.18-23.45.27:248][  0]LogPackageLocalizationCache: Processed 3 localized package path(s) for 2 prioritized culture(s) in 0.068780 seconds
[2017.05.18-23.45.27:269][  0]LogUObjectArray: 32493 objects as part of root set at end of initial load.
[2017.05.18-23.45.27:269][  0]LogUObjectAllocator: 7077024 out of 0 bytes used by permanent object pool.
[2017.05.18-23.45.27:269][  0]LogUObjectArray: CloseDisregardForGC: 0/0 objects in disregard for GC pool
[2017.05.18-23.45.27:415][  0]LogInit: WinSock: version 1.1 (2.2), MaxSocks=32767, MaxUdp=65467
[2017.05.18-23.45.47:195][  0]LogTcpMessaging: Initializing TcpMessaging bridge
[2017.05.18-23.45.47:254][  0]LogUdpMessaging: Initializing bridge on interface 0.0.0.0:0 to multicast group 230.0.0.1:6666.
[2017.05.18-23.45.48:441][  0]LogMaterial: Uniform references updated for custom material expression Custom.
[2017.05.18-23.45.49:209][  0]SourceControl: Info Source control is disabled
[2017.05.18-23.45.52:073][  0]LogEngine: Initializing Engine...
[2017.05.18-23.45.52:081][  0]LogHMD: Failed to initialize OpenVR with code 105
[2017.05.18-23.45.52:960][  0]LogAIModule: Creating AISystem for world Untitled
[2017.05.18-23.45.52:984][  0]LogInit: XAudio2 using 'Altavoces (VIA HD Audio(Win 10))' : 2 channels at 48 kHz using 32 bits per sample (channel mask 0x3)
[2017.05.18-23.45.53:007][  0]LogInit: FAudioDevice initialized.
[2017.05.18-23.45.53:067][  0]LogDerivedDataCache: Saved boot cache 0.06s 50MB C:/Users/Blake/AppData/Local/UnrealEngine/4.15/DerivedDataCache/Boot.ddc.
[2017.05.18-23.45.53:089][  0]LogInit: Texture streaming: Enabled
[2017.05.18-23.45.53:265][  0]LogEngineSessionManager: EngineSessionManager initialized
[2017.05.18-23.45.53:410][  0]LogInit: Transaction tracking system initialized
[2017.05.18-23.45.54:014][  0]BlueprintLog: New page: Editor Load
[2017.05.18-23.45.55:553][  0]LocalizationService: Info Localization service is disabled
[2017.05.18-23.45.56:745][  0]LogConsoleResponse:Display: 
[2017.05.18-23.45.57:359][  0]LogCook:Display: Max memory allowance for cook 16384mb min free memory 0mb
[2017.05.18-23.45.57:359][  0]LogCook:Display: Mobile HDR setting 1
[2017.05.18-23.45.57:824][  0]LogFileCache: Scanning file cache for directory 'C:/Users/Blake/Documents/Juego/MyProject12/Content/' took 0.02s
[2017.05.18-23.45.59:618][  0]Cmd: MAP LOAD FILE="../../../../../../Users/Blake/Documents/Juego/MyProject12/Content/TopDownBP/Maps/TopDownExampleMap.umap" TEMPLATE=0 SHOWPROGRESS=1 FEATURELEVEL=3
[2017.05.18-23.45.59:618][  0]LightingResults: New page: Lighting Build
[2017.05.18-23.45.59:686][  0]MapCheck: New page: Map Check
[2017.05.18-23.45.59:686][  0]LightingResults: New page: Lighting Build
[2017.05.18-23.46.00:896][  0]LogAIModule: Creating AISystem for world TopDownExampleMap
[2017.05.18-23.46.00:975][  0]LogEditorServer: Finished looking for orphan Actors (0.000 secs)
[2017.05.18-23.46.00:977][  0]Cmd: MAP CHECKDEP NOCLEARLOG
[2017.05.18-23.46.01:046][  0]MapCheck: Info Map check complete: 0 Error(s), 0 Warning(s), took 68.567ms to complete.
[2017.05.18-23.46.01:046][  0]LogFileHelpers: Loading map 'TopDownExampleMap' took 1.428
[2017.05.18-23.46.01:363][  0]LogCollectionManager: Loaded 0 collections in 0.001739 seconds
[2017.05.18-23.46.01:466][  0]LogFileCache: Scanning file cache for directory 'C:/Users/Blake/Documents/Juego/MyProject12/Saved/Collections/' took 0.01s
[2017.05.18-23.46.01:466][  0]LogFileCache: Scanning file cache for directory 'C:/Users/Blake/Documents/Juego/MyProject12/Content/Developers/Blake/Collections/' took 0.01s
[2017.05.18-23.46.01:466][  0]LogFileCache: Scanning file cache for directory 'C:/Users/Blake/Documents/Juego/MyProject12/Content/Collections/' took 0.01s
[2017.05.18-23.46.01:466][  0]LogCollectionManager: Rebuilt the GUID cache for 0 collections in 0.000007 seconds
[2017.05.18-23.46.01:480][  0]LogContentBrowser: Native class hierarchy populated in 0.0144 seconds. Added 2245 classes and 453 folders.
[2017.05.18-23.46.01:493][  0]LogStats: UGameplayTagsManager::ConstructGameplayTagTree: Construct from data asset -  0.000 s
[2017.05.18-23.46.01:493][  0]LogStats: UGameplayTagsManager::ConstructGameplayTagTree: GameplayTagTreeChangedEvent.Broadcast -  0.000 s
[2017.05.18-23.46.01:593][  0]LogContentBrowser: Native class hierarchy updated for 'WidgetCarousel' in 0.0008 seconds. Added 0 classes and 0 folders.
[2017.05.18-23.46.02:320][  0]LogContentBrowser: Native class hierarchy updated for 'AddContentDialog' in 0.0008 seconds. Added 0 classes and 0 folders.
[2017.05.18-23.46.02:403][  0]LogContentBrowser: Native class hierarchy updated for 'SceneOutliner' in 0.0009 seconds. Added 1 classes and 2 folders.
[2017.05.18-23.46.02:477][  0]LogCrashTracker: Crashtracker disabled due to settings.
[2017.05.18-23.46.02:485][  0]LogUObjectGlobals:Warning: Failed to find object 'Class None.'
[2017.05.18-23.46.02:578][  0]LogContentBrowser: Native class hierarchy updated for 'HierarchicalLODOutliner' in 0.0009 seconds. Added 1 classes and 2 folders.
[2017.05.18-23.46.02:579][  0]LogLoad: (Engine Initialization) Total time: 59.33 seconds
[2017.05.18-23.46.02:579][  0]LogLoad: (Engine Initialization) Total Blueprint compile time: 0.38 seconds
[2017.05.18-23.46.02:579][  0]LogExternalProfiler: No external profilers were discovered.  External profiling features will not be available.
[2017.05.18-23.46.02:590][  0]LogOcInput: OculusInput pre-init called
[2017.05.18-23.46.02:617][  0]SourceControl: Info On branch Arreglo-vida
[2017.05.18-23.46.02:617][  0]SourceControl: Info Your branch is up-to-date with 'origin/Arreglo-vida'.
[2017.05.18-23.46.02:617][  0]SourceControl: Info Changes not staged for commit:
[2017.05.18-23.46.02:617][  0]SourceControl: Info   (use "git add <file>..." to update what will be committed)
[2017.05.18-23.46.02:617][  0]SourceControl: Info   (use "git checkout -- <file>..." to discard changes in working directory)
[2017.05.18-23.46.02:617][  0]SourceControl: Info 	modified:   Intermediate/CachedAssetRegistry.bin
[2017.05.18-23.46.02:617][  0]SourceControl: Info 	modified:   Saved/Config/Windows/EditorPerProjectUserSettings.ini
[2017.05.18-23.46.02:617][  0]SourceControl: Info 	modified:   Saved/Config/Windows/Engine.ini
[2017.05.18-23.46.02:617][  0]SourceControl: Info 	modified:   Saved/Logs/MyProject.log
[2017.05.18-23.46.02:617][  0]SourceControl: Info Untracked files:
[2017.05.18-23.46.02:617][  0]SourceControl: Info   (use "git add <file>..." to include in what will be committed)
[2017.05.18-23.46.02:617][  0]SourceControl: Info 	Saved/Logs/MyProject-backup-2017.05.18-20.45.05.log
[2017.05.18-23.46.02:617][  0]SourceControl: Info 	Saved/Logs/UE4CC-Windows-57F321604333CE7DB67EC7A1C84A4977/
[2017.05.18-23.46.02:617][  0]SourceControl: Info no changes added to commit (use "git add" and/or "git commit -a")
[2017.05.18-23.46.02:617][  0]LogContentStreaming: Texture pool size now 800 MB
[2017.05.18-23.46.02:619][  0]LogSlate: Took 0.000362 seconds to synchronously load lazily loaded font '../../../Engine/Content/Slate/Fonts/Roboto-Regular.ttf' (155K)
[2017.05.18-23.46.02:652][  0]LogSlate: Took 0.027011 seconds to synchronously load lazily loaded font '../../../Engine/Content/Slate/Fonts/Roboto-Bold.ttf' (160K)
[2017.05.18-23.46.02:678][  0]LogSlate: Took 0.018664 seconds to synchronously load lazily loaded font '../../../Engine/Content/Editor/Slate/Fonts/FontAwesome.ttf' (139K)
[2017.05.18-23.46.02:879][  0]LogSlate: Took 0.000405 seconds to synchronously load lazily loaded font '../../../Engine/Content/Slate/Fonts/Roboto-Light.ttf' (159K)
[2017.05.18-23.46.02:991][  0]LogRenderer: Reallocating scene render targets to support 1208x600 NumSamples 1 (Frame:2).
[2017.05.18-23.46.03:263][  1]LogEditorViewport: Clicking on Actor (LMB): StaticMeshActor (Cube)
[2017.05.18-23.46.03:520][  2]LogAssetRegistry: Asset discovery search completed in 36.4027 seconds
[2017.05.18-23.46.03:520][  2]LogCollectionManager: Rebuilt the object cache for 0 collections in 0.000013 seconds (found 0 objects)
[2017.05.18-23.46.03:520][  2]LogCollectionManager: Fixed up redirectors for 0 collections in 0.000040 seconds (updated 0 objects)
[2017.05.18-23.46.06:005][173]LogEditorViewport: Clicking on Actor (context menu): StaticMeshActor (Floor)
[2017.05.18-23.46.06:866][222]LogEditorViewport: Clicking on Actor (LMB): StaticMeshActor (Floor)
[2017.05.18-23.46.12:739][627]SourceControl: Info fatal: C:/Program Files/Epic Games/UE_4.15/Engine/Content/: 'C:/Program Files/Epic Games/UE_4.15/Engine/Content/' is outside repository
[2017.05.18-23.46.12:931][627]LogPackageName:Error: Illegal call to DoesPackageExist: '../../../../../../Users/Blake/Documents/Juego/MyProject12/MyProject.uproject' is not a standard unreal filename or a long path name. Reason: Path should be no less than 4 characters long.
[2017.05.18-23.46.13:756][627]LogStats: FPlatformStackWalk::StackWalkAndDump -  0.825 s
[2017.05.18-23.46.13:756][627]LogOutputDevice:Error: === Handled ensure: ===
[2017.05.18-23.46.13:756][627]LogOutputDevice:Error: 
[2017.05.18-23.46.13:757][627]LogOutputDevice:Error: Ensure condition failed: false [File:D:\Build\++UE4+Release-4.15+Compile\Sync\Engine\Source\Runtime\CoreUObject\Private\Misc\PackageName.cpp] [Line: 650]
[2017.05.18-23.46.13:757][627]LogOutputDevice:Error: Illegal call to DoesPackageExist: '../../../../../../Users/Blake/Documents/Juego/MyProject12/MyProject.uproject' is not a standard unreal filename or a long path name. Reason: Path should be no less than 4 characters long.
[2017.05.18-23.46.13:757][627]LogOutputDevice:Error: Stack: 
[2017.05.18-23.46.13:757][627]LogOutputDevice:Error: UE4Editor-Core.dll!0x000000007D2A95E6
[2017.05.18-23.46.13:757][627]LogOutputDevice:Error: UE4Editor-Core.dll!0x000000007D059B82
[2017.05.18-23.46.13:757][627]LogOutputDevice:Error: UE4Editor-Core.dll!0x000000007D06B666
[2017.05.18-23.46.13:757][627]LogOutputDevice:Error: UE4Editor-CoreUObject.dll!0x00000000878EA6B8
[2017.05.18-23.46.13:757][627]LogOutputDevice:Error: UE4Editor-SourceControl.dll!0x0000000084A23D22
[2017.05.18-23.46.13:757][627]LogOutputDevice:Error: UE4Editor-SourceControl.dll!0x0000000084A23EB9
[2017.05.18-23.46.13:757][627]LogOutputDevice:Error: UE4Editor-SourceControlWindows.dll!0x000000006CDB1D2E
[2017.05.18-23.46.13:757][627]LogOutputDevice:Error: UE4Editor-SourceControlWindows.dll!0x000000006CD6B4B5
[2017.05.18-23.46.13:757][627]LogOutputDevice:Error: UE4Editor-SourceControlWindows.dll!0x000000006CD6AA8D
[2017.05.18-23.46.13:757][627]LogOutputDevice:Error: UE4Editor-SourceControlWindows.dll!0x000000006CD7F274
[2017.05.18-23.46.13:757][627]LogOutputDevice:Error: UE4Editor-GitSourceControl.dll!0x0000000065E5B851
[2017.05.18-23.46.13:757][627]LogOutputDevice:Error: UE4Editor-GitSourceControl.dll!0x0000000065E6D1ED
[2017.05.18-23.46.13:757][627]LogOutputDevice:Error: UE4Editor-SourceControl.dll!0x0000000084A29C5C
[2017.05.18-23.46.13:757][627]LogOutputDevice:Error: UE4Editor-UnrealEd.dll!0x0000000073AF7517
[2017.05.18-23.46.13:757][627]LogOutputDevice:Error: UE4Editor-UnrealEd.dll!0x0000000074302086
[2017.05.18-23.46.13:757][627]LogOutputDevice:Error: UE4Editor.exe!0x00000000B5D3DEE3
[2017.05.18-23.46.13:757][627]LogOutputDevice:Error: UE4Editor.exe!0x00000000B5D2EB40
[2017.05.18-23.46.13:757][627]LogOutputDevice:Error: UE4Editor.exe!0x00000000B5D2EBBA
[2017.05.18-23.46.13:757][627]LogOutputDevice:Error: UE4Editor.exe!0x00000000B5D40A29
[2017.05.18-23.46.13:757][627]LogOutputDevice:Error: UE4Editor.exe!0x00000000B5D422B6
[2017.05.18-23.46.13:757][627]LogOutputDevice:Error: KERNEL32.DLL!0x00000000AB288364
[2017.05.18-23.46.13:757][627]LogOutputDevice:Error: ntdll.dll!0x00000000ADB770D1
[2017.05.18-23.46.13:757][627]LogOutputDevice:Error: 
[2017.05.18-23.46.13:758][627]LogStats:                SubmitErrorReport -  0.000 s
[2017.05.18-23.46.21:997][627]LogStats:                    SendNewReport -  8.240 s
[2017.05.18-23.46.21:997][627]LogStats:             FDebug::EnsureFailed -  9.066 s
[2017.05.18-23.47.35:995][ 66]SourceControl: Info fatal: C:/Program Files/Epic Games/UE_4.15/Engine/Content/: 'C:/Program Files/Epic Games/UE_4.15/Engine/Content/' is outside repository
[2017.05.18-23.47.36:135][ 66]LogPackageName:Error: Illegal call to DoesPackageExist: '../../../../../../Users/Blake/Documents/Juego/MyProject12/MyProject.uproject' is not a standard unreal filename or a long path name. Reason: Path should be no less than 4 characters long.
[2017.05.18-23.50.32:401][815]LogEditorViewport: Clicking on Actor (context menu): StaticMeshActor (Floor)
[2017.05.18-23.50.36:830][ 93]LogEditorViewport: Clicking on Actor (context menu): TopDownCharacter__C (TopDownCharacter)
[2017.05.18-23.50.41:825][395]LogEditorViewport: Clicking on Actor (context menu): StaticMeshActor (Cube26)
[2017.05.18-23.50.47:138][774]LogEditorViewport: Clicking on Actor (LMB): PostProcessVolume (PostProcessVolume)
[2017.05.18-23.50.52:784][170]Cmd: DELETE
[2017.05.18-23.50.52:784][170]Cmd: ACTOR DELETE
[2017.05.18-23.50.52:791][170]LogEditorActor: Deleted Actor: PostProcessVolume
[2017.05.18-23.50.52:816][170]LogEditorActor: Deleted 1 Actors (0.032 secs)
[2017.05.18-23.50.53:919][275]Cmd: TRANSACTION UNDO
[2017.05.18-23.50.53:919][275]LogEditorTransaction: Undo Delete Actors
[2017.05.18-23.50.54:208][275]LogSlate: Took 0.116727 seconds to synchronously load lazily loaded font '../../../Engine/Content/Slate/Fonts/Roboto-Light.ttf' (159K)
[2017.05.18-23.51.06:584][935]LogSlate: Took 0.001408 seconds to synchronously load lazily loaded font '../../../Engine/Content/Slate/Fonts/Roboto-Light.ttf' (159K)
[2017.05.18-23.51.07:364][935]LogSlate: Took 0.000267 seconds to synchronously load lazily loaded font '../../../Engine/Content/Slate/Fonts/Roboto-Regular.ttf' (155K)
[2017.05.18-23.51.07:980][935]LogContentBrowser: Native class hierarchy updated for 'BlueprintGraph' in 0.0014 seconds. Added 112 classes and 0 folders.
[2017.05.18-23.51.09:833][935]LogSlate: Took 0.012595 seconds to synchronously load lazily loaded font '../../../Engine/Content/Editor/Slate/Fonts/Roboto-BoldCondensed.ttf' (158K)
[2017.05.18-23.51.10:877][936]LogSlate: Took 0.000892 seconds to synchronously load lazily loaded font '../../../Engine/Content/Editor/Slate/Fonts/Roboto-Italic.ttf' (157K)
[2017.05.18-23.52.08:559][ 28]LogRenderer: Reallocating scene render targets to support 1208x940 NumSamples 1 (Frame:7300).
[2017.05.18-23.54.15:118][903]LogEditorTransaction: Undo Modify Component(s)
[2017.05.18-23.54.15:136][903]LogActorComponent: ~FComponentReregisterContext: (/Engine/Transient.World_7:PersistentLevel.TopDownCharacter__C_1.CollisionCylinder) Component already registered.
[2017.05.18-23.54.15:138][903]LogActorComponent: ~FComponentReregisterContext: (/Engine/Transient.World_7:PersistentLevel.TopDownCharacter__C_1.CharacterMesh0) Component already registered.
[2017.05.18-23.54.15:139][903]LogActorComponent: ~FComponentReregisterContext: (/Game/TopDownBP/Maps/TopDownExampleMap.TopDownExampleMap:PersistentLevel.TopDownCharacter.CharacterMesh0) Component already registered.
[2017.05.18-23.54.15:427][910]LogEditorTransaction: Undo Modify Component(s)
[2017.05.18-23.54.15:440][910]LogActorComponent: ~FComponentReregisterContext: (/Engine/Transient.World_7:PersistentLevel.TopDownCharacter__C_1.CollisionCylinder) Component already registered.
[2017.05.18-23.54.15:442][910]LogActorComponent: ~FComponentReregisterContext: (/Engine/Transient.World_7:PersistentLevel.TopDownCharacter__C_1.CharacterMesh0) Component already registered.
[2017.05.18-23.54.15:443][910]LogActorComponent: ~FComponentReregisterContext: (/Game/TopDownBP/Maps/TopDownExampleMap.TopDownExampleMap:PersistentLevel.TopDownCharacter.CharacterMesh0) Component already registered.
[2017.05.18-23.54.38:731][ 25]LogEditorTransaction: Undo Attach Component
[2017.05.18-23.54.38:764][ 25]LogActorComponent: ~FComponentReregisterContext: (/Game/TopDownBP/Maps/TopDownExampleMap.TopDownExampleMap:PersistentLevel.TopDownCharacter.Arrow) Component already registered.
[2017.05.18-23.54.38:765][ 25]LogActorComponent: ~FComponentReregisterContext: (/Game/TopDownBP/Maps/TopDownExampleMap.TopDownExampleMap:PersistentLevel.TopDownCharacter.CharMoveComp) Component already registered.
[2017.05.18-23.54.38:767][ 25]LogActorComponent: ~FComponentReregisterContext: (/Game/TopDownBP/Maps/TopDownExampleMap.TopDownExampleMap:PersistentLevel.TopDownCharacter.CharacterMesh0) Component already registered.
[2017.05.18-23.54.38:771][ 25]LogActorComponent: ~FComponentReregisterContext: (/Engine/Transient.World_7:PersistentLevel.TopDownCharacter__C_1.Arrow) Component already registered.
[2017.05.18-23.54.38:772][ 25]LogActorComponent: ~FComponentReregisterContext: (/Engine/Transient.World_7:PersistentLevel.TopDownCharacter__C_1.CharMoveComp) Component already registered.
[2017.05.18-23.55.27:044][243]LogEditorTransaction: Undo Detach Component
[2017.05.18-23.55.27:081][243]LogActorComponent: ~FComponentReregisterContext: (/Game/TopDownBP/Maps/TopDownExampleMap.TopDownExampleMap:PersistentLevel.TopDownCharacter.Arrow) Component already registered.
[2017.05.18-23.55.27:082][243]LogActorComponent: ~FComponentReregisterContext: (/Game/TopDownBP/Maps/TopDownExampleMap.TopDownExampleMap:PersistentLevel.TopDownCharacter.CharMoveComp) Component already registered.
[2017.05.18-23.55.27:083][243]LogActorComponent: ~FComponentReregisterContext: (/Game/TopDownBP/Maps/TopDownExampleMap.TopDownExampleMap:PersistentLevel.TopDownCharacter.CharacterMesh0) Component already registered.
[2017.05.18-23.55.27:086][243]LogActorComponent: ~FComponentReregisterContext: (/Engine/Transient.World_7:PersistentLevel.TopDownCharacter__C_1.Arrow) Component already registered.
[2017.05.18-23.55.27:088][243]LogActorComponent: ~FComponentReregisterContext: (/Engine/Transient.World_7:PersistentLevel.TopDownCharacter__C_1.CharMoveComp) Component already registered.
[2017.05.18-23.56.06:065][ 63]LogEditorTransaction: Undo Edit Capsule Half Height
[2017.05.18-23.56.06:093][ 63]LogActorComponent: ~FComponentReregisterContext: (/Game/TopDownBP/Maps/TopDownExampleMap.TopDownExampleMap:PersistentLevel.TopDownCharacter.Arrow) Component already registered.
[2017.05.18-23.56.06:094][ 63]LogActorComponent: ~FComponentReregisterContext: (/Game/TopDownBP/Maps/TopDownExampleMap.TopDownExampleMap:PersistentLevel.TopDownCharacter.CharMoveComp) Component already registered.
[2017.05.18-23.56.06:095][ 63]LogActorComponent: ~FComponentReregisterContext: (/Game/TopDownBP/Maps/TopDownExampleMap.TopDownExampleMap:PersistentLevel.TopDownCharacter.CharacterMesh0) Component already registered.
[2017.05.18-23.56.06:097][ 63]LogActorComponent: ~FComponentReregisterContext: (/Engine/Transient.World_6:PersistentLevel.TopDownCharacter__C_0.CharacterMesh0) Component already registered.
[2017.05.18-23.56.06:592][ 80]LogEditorTransaction: Undo Remove Components
[2017.05.18-23.56.07:071][ 97]LogEditorTransaction: Undo Remove Components
[2017.05.18-23.56.07:615][117]LogEditorTransaction: Undo Modify Component(s)
[2017.05.18-23.56.07:899][127]LogEditorTransaction: Undo Modify Component(s)
[2017.05.18-23.56.08:139][134]LogEditorTransaction: Undo Set actor scale
[2017.05.18-23.56.08:172][134]LogActorComponent: ~FComponentReregisterContext: (/Engine/Transient.World_7:PersistentLevel.TopDownCharacter__C_1.CharacterMesh0) Component already registered.
[2017.05.18-23.56.08:177][134]LogActorComponent: ~FComponentReregisterContext: (/Engine/Transient.World_7:PersistentLevel.TopDownCharacter__C_1.Arrow) Component already registered.
[2017.05.18-23.56.08:181][134]LogActorComponent: ~FComponentReregisterContext: (/Engine/Transient.World_7:PersistentLevel.TopDownCharacter__C_1.CharMoveComp) Component already registered.
[2017.05.18-23.56.08:365][140]LogEditorTransaction: Undo Set actor scale
[2017.05.18-23.56.08:397][140]LogActorComponent: ~FComponentReregisterContext: (/Engine/Transient.World_7:PersistentLevel.TopDownCharacter__C_1.CharacterMesh0) Component already registered.
[2017.05.18-23.56.08:403][140]LogActorComponent: ~FComponentReregisterContext: (/Engine/Transient.World_7:PersistentLevel.TopDownCharacter__C_1.Arrow) Component already registered.
[2017.05.18-23.56.08:407][140]LogActorComponent: ~FComponentReregisterContext: (/Engine/Transient.World_7:PersistentLevel.TopDownCharacter__C_1.CharMoveComp) Component already registered.
[2017.05.18-23.56.08:624][148]LogEditorTransaction: Undo Modify Component(s)
[2017.05.18-23.56.09:476][184]LogEditorTransaction: Undo Paste Component(s)
[2017.05.18-23.56.09:984][202]LogEditorTransaction: Undo Clicking on Actors
[2017.05.18-23.56.33:632][223]LogEditorTransaction: Undo Edit Capsule Radius
[2017.05.18-23.56.33:663][223]LogActorComponent: ~FComponentReregisterContext: (/Game/TopDownBP/Maps/TopDownExampleMap.TopDownExampleMap:PersistentLevel.TopDownCharacter.Arrow) Component already registered.
[2017.05.18-23.56.33:664][223]LogActorComponent: ~FComponentReregisterContext: (/Game/TopDownBP/Maps/TopDownExampleMap.TopDownExampleMap:PersistentLevel.TopDownCharacter.CharMoveComp) Component already registered.
[2017.05.18-23.56.33:666][223]LogActorComponent: ~FComponentReregisterContext: (/Game/TopDownBP/Maps/TopDownExampleMap.TopDownExampleMap:PersistentLevel.TopDownCharacter.CharacterMesh0) Component already registered.
[2017.05.18-23.56.33:668][223]LogActorComponent: ~FComponentReregisterContext: (/Engine/Transient.World_6:PersistentLevel.TopDownCharacter__C_0.CharacterMesh0) Component already registered.
[2017.05.18-23.56.43:373][574]LogEditorTransaction: Undo Edit Capsule Radius
[2017.05.18-23.56.43:398][574]LogActorComponent: ~FComponentReregisterContext: (/Game/TopDownBP/Maps/TopDownExampleMap.TopDownExampleMap:PersistentLevel.TopDownCharacter.Arrow) Component already registered.
[2017.05.18-23.56.43:400][574]LogActorComponent: ~FComponentReregisterContext: (/Game/TopDownBP/Maps/TopDownExampleMap.TopDownExampleMap:PersistentLevel.TopDownCharacter.CharMoveComp) Component already registered.
[2017.05.18-23.56.43:401][574]LogActorComponent: ~FComponentReregisterContext: (/Game/TopDownBP/Maps/TopDownExampleMap.TopDownExampleMap:PersistentLevel.TopDownCharacter.CharacterMesh0) Component already registered.
[2017.05.18-23.56.43:403][574]LogActorComponent: ~FComponentReregisterContext: (/Engine/Transient.World_6:PersistentLevel.TopDownCharacter__C_0.CharacterMesh0) Component already registered.
[2017.05.18-23.57.26:445][547]BlueprintLog: New page: Compile TopDownCharacter_
[2017.05.18-23.57.31:368][747]LogTemp: Repeting last play command: Selected Viewport
[2017.05.18-23.57.31:402][747]LogBlueprintUserMessages: Early PlayInEditor Detection: Level '/Game/TopDownBP/Maps/TopDownExampleMap.TopDownExampleMap:PersistentLevel' has LevelScriptBlueprint '/Game/TopDownBP/Maps/TopDownExampleMap.TopDownExampleMap:PersistentLevel.TopDownExampleMap' with GeneratedClass '/Game/TopDownBP/Maps/TopDownExampleMap.TopDownExampleMap_C' with ClassGeneratedBy '/Game/TopDownBP/Maps/TopDownExampleMap.TopDownExampleMap:PersistentLevel.TopDownExampleMap'
[2017.05.18-23.57.31:402][747]LogPlayLevel: PlayLevel: No blueprints needed recompiling
[2017.05.18-23.57.31:402][747]PIE: New page: PIE session: TopDownExampleMap (May 18, 2017, 5:57:31 PM)
[2017.05.18-23.57.31:402][747]LogPlayLevel: Creating play world package: /Game/TopDownBP/Maps/UEDPIE_0_TopDownExampleMap
[2017.05.18-23.57.31:440][747]LogPlayLevel: PIE: StaticDuplicateObject took: (0.037782s)
[2017.05.18-23.57.31:442][747]LogAIModule: Creating AISystem for world TopDownExampleMap
[2017.05.18-23.57.31:442][747]LogPlayLevel: PIE: World Init took: (0.002280s)
[2017.05.18-23.57.31:443][747]LogPlayLevel: PIE: Created PIE world by copying editor world from /Game/TopDownBP/Maps/TopDownExampleMap.TopDownExampleMap to /Game/TopDownBP/Maps/UEDPIE_0_TopDownExampleMap.TopDownExampleMap (0.040570s)
[2017.05.18-23.57.31:487][747]LogInit: XAudio2 using 'Altavoces (VIA HD Audio(Win 10))' : 2 channels at 48 kHz using 32 bits per sample (channel mask 0x3)
[2017.05.18-23.57.31:501][747]LogInit: FAudioDevice initialized.
[2017.05.18-23.57.31:617][747]LogLoad: Game class is 'TopDownGameMode_C'
[2017.05.18-23.57.31:623][747]LogWorld: Bringing World /Game/TopDownBP/Maps/UEDPIE_0_TopDownExampleMap.TopDownExampleMap up for play (max tick rate 0) at 2017.05.18-20.57.31
[2017.05.18-23.57.31:624][747]LogWorld: Bringing up level for play took: 0.003472
[2017.05.18-23.57.31:689][747]LogContentBrowser: Native class hierarchy updated for 'MovieSceneCapture' in 0.0009 seconds. Added 11 classes and 0 folders.
[2017.05.18-23.57.31:691][747]PIE: Info Play in editor start time for /Game/TopDownBP/Maps/UEDPIE_0_TopDownExampleMap 0.47
[2017.05.18-23.57.31:692][747]LogBlueprintUserMessages: Late PlayInEditor Detection: Level '/Game/TopDownBP/Maps/TopDownExampleMap.TopDownExampleMap:PersistentLevel' has LevelScriptBlueprint '/Game/TopDownBP/Maps/TopDownExampleMap.TopDownExampleMap:PersistentLevel.TopDownExampleMap' with GeneratedClass '/Game/TopDownBP/Maps/TopDownExampleMap.TopDownExampleMap_C' with ClassGeneratedBy '/Game/TopDownBP/Maps/TopDownExampleMap.TopDownExampleMap:PersistentLevel.TopDownExampleMap'
[2017.05.18-23.57.53:165][841]LogBlueprintUserMessages: Early EndPlayMap Detection: Level '/Game/TopDownBP/Maps/TopDownExampleMap.TopDownExampleMap:PersistentLevel' has LevelScriptBlueprint '/Game/TopDownBP/Maps/TopDownExampleMap.TopDownExampleMap:PersistentLevel.TopDownExampleMap' with GeneratedClass '/Game/TopDownBP/Maps/TopDownExampleMap.TopDownExampleMap_C' with ClassGeneratedBy '/Game/TopDownBP/Maps/TopDownExampleMap.TopDownExampleMap:PersistentLevel.TopDownExampleMap'
[2017.05.18-23.57.53:289][841]LogBlueprintUserMessages: Late EndPlayMap Detection: Level '/Game/TopDownBP/Maps/TopDownExampleMap.TopDownExampleMap:PersistentLevel' has LevelScriptBlueprint '/Game/TopDownBP/Maps/TopDownExampleMap.TopDownExampleMap:PersistentLevel.TopDownExampleMap' with GeneratedClass '/Game/TopDownBP/Maps/TopDownExampleMap.TopDownExampleMap_C' with ClassGeneratedBy '/Game/TopDownBP/Maps/TopDownExampleMap.TopDownExampleMap:PersistentLevel.TopDownExampleMap'
[2017.05.18-23.57.55:554][984]SourceControl: Info fatal: C:/Program Files/Epic Games/UE_4.15/Engine/Content/: 'C:/Program Files/Epic Games/UE_4.15/Engine/Content/' is outside repository
[2017.05.18-23.58.02:458][ 40]LogSavePackage: Save=237.06ms
[2017.05.18-23.58.02:459][ 40]LogSavePackage: Moving '../../../../../../Users/Blake/Documents/Juego/MyProject12/Saved/TopDownExampleMapAC70E1CB417B813E324655856EC870CB.tmp' to '../../../../../../Users/Blake/Documents/Juego/MyProject12/Content/TopDownBP/Maps/TopDownExampleMap.umap'
[2017.05.18-23.58.02:463][ 40]LogSavePackage:Display: Finished SavePackage ../../../../../../Users/Blake/Documents/Juego/MyProject12/Content/TopDownBP/Maps/TopDownExampleMap.umap
[2017.05.18-23.58.02:811][ 40]LogSavePackage: Save=220.36ms
[2017.05.18-23.58.02:811][ 40]LogSavePackage: Moving '../../../../../../Users/Blake/Documents/Juego/MyProject12/Saved/TopDownExampleMap_BuiltDataA604CBE14CC53039F0C4D79E8EDDE986.tmp' to '../../../../../../Users/Blake/Documents/Juego/MyProject12/Content/TopDownBP/Maps/TopDownExampleMap_BuiltData.uasset'
[2017.05.18-23.58.02:813][ 40]LogSavePackage:Display: Finished SavePackage ../../../../../../Users/Blake/Documents/Juego/MyProject12/Content/TopDownBP/Maps/TopDownExampleMap_BuiltData.uasset
[2017.05.18-23.58.05:121][194]SourceControl: Info fatal: C:/Program Files/Epic Games/UE_4.15/Engine/Content/: 'C:/Program Files/Epic Games/UE_4.15/Engine/Content/' is outside repository
[2017.05.18-23.58.09:091][194]LogSavePackage: Save=99.91ms
[2017.05.18-23.58.09:091][194]LogSavePackage: Moving '../../../../../../Users/Blake/Documents/Juego/MyProject12/Saved/TopDownCharacter_D3D5C22149CCF5A313AA9DB2A3E35418.tmp' to '../../../../../../Users/Blake/Documents/Juego/MyProject12/Content/TopDownBP/Blueprints/TopDownCharacter_.uasset'
[2017.05.18-23.58.09:114][194]LogSavePackage:Display: Finished SavePackage ../../../../../../Users/Blake/Documents/Juego/MyProject12/Content/TopDownBP/Blueprints/TopDownCharacter_.uasset
[2017.05.18-23.58.09:123][194]LogPackageName:Error: Illegal call to DoesPackageExist: '../../../../../../Users/Blake/Documents/Juego/MyProject12/MyProject.uproject' is not a standard unreal filename or a long path name. Reason: Path should be no less than 4 characters long.
[2017.05.18-23.58.23:044][194]LogSourceControl: FGitCheckInWorker: commit successful
[2017.05.18-23.58.23:089][194]SourceControl: Info [Arreglo-vida 56ce815] fawef
[2017.05.18-23.58.23:089][194]SourceControl: Info  2 files changed, 0 insertions(+), 0 deletions(-)
[2017.05.18-23.58.23:096][194]SourceControl: Info Commited [Arreglo-vida 56ce815] fawef.
[2017.05.19-00.01.29:194][ 80]LogWindowsTextInputMethodSystem:Display: IME system now deactivated.
[2017.05.19-00.01.29:194][ 80]LogWindowsTextInputMethodSystem:Display: IME system now deactivated.
[2017.05.19-00.01.29:468][ 81]Cmd: QUIT_EDITOR
[2017.05.19-00.01.29:998][ 81]LogExit: Preparing to exit.
[2017.05.19-00.01.31:280][ 81]LogDirectoryWatcher: A directory notification for 'C:/Users/Blake/Documents/Juego/MyProject12/Content/' was aborted.
[2017.05.19-00.01.31:347][ 81]LogExit: Editor shut down
[2017.05.19-00.01.31:347][ 81]LogExit: Transaction tracking system shut down
[2017.05.19-00.01.31:514][ 81]LogObj: Freed 0b from 0 cluster array pools.
[2017.05.19-00.01.31:514][ 81]LogExit: Object subsystem successfully closed.
[2017.05.19-00.01.31:528][ 81]LogD3D11RHI: Shutdown
[2017.05.19-00.01.31:528][ 81]LogD3D11RHI: CleanupD3DDevice
[2017.05.19-00.01.31:763][ 81]LogD3D11RHI: ~FD3D11DynamicRHI
[2017.05.19-00.01.31:785][ 81]LogModuleManager: Shutting down and abandoning module MovieSceneCapture (504)
[2017.05.19-00.01.31:785][ 81]LogModuleManager: Shutting down and abandoning module BlueprintGraph (502)
[2017.05.19-00.01.31:785][ 81]LogModuleManager: Shutting down and abandoning module BlueprintProfiler (500)
[2017.05.19-00.01.31:812][ 81]LogModuleManager: Shutting down and abandoning module HierarchicalLODOutliner (498)
[2017.05.19-00.01.31:812][ 81]LogModuleManager: Shutting down and abandoning module CrashTracker (496)
[2017.05.19-00.01.31:812][ 81]LogModuleManager: Shutting down and abandoning module SceneOutliner (494)
[2017.05.19-00.01.31:812][ 81]LogModuleManager: Shutting down and abandoning module AddContentDialog (492)
[2017.05.19-00.01.31:812][ 81]LogDirectoryWatcher: A directory notification for 'C:/Program Files/Epic Games/UE_4.15/FeaturePacks/' was aborted.
[2017.05.19-00.01.31:814][ 81]LogModuleManager: Shutting down and abandoning module WidgetCarousel (491)
[2017.05.19-00.01.31:814][ 81]LogModuleManager: Shutting down and abandoning module EditorWidgets (488)
[2017.05.19-00.01.31:814][ 81]LogModuleManager: Shutting down and abandoning module CollectionManager (486)
[2017.05.19-00.01.31:814][ 81]LogDirectoryWatcher: A directory notification for 'C:/Users/Blake/Documents/Juego/MyProject12/Content/Collections/' was aborted.
[2017.05.19-00.01.31:814][ 81]LogDirectoryWatcher: A directory notification for 'C:/Users/Blake/Documents/Juego/MyProject12/Content/Developers/Blake/Collections/' was aborted.
[2017.05.19-00.01.31:814][ 81]LogDirectoryWatcher: A directory notification for 'C:/Users/Blake/Documents/Juego/MyProject12/Saved/Collections/' was aborted.
[2017.05.19-00.01.31:814][ 81]LogModuleManager: Shutting down and abandoning module StatsViewer (484)
[2017.05.19-00.01.31:814][ 81]LogModuleManager: Shutting down and abandoning module FoliageEdit (482)
[2017.05.19-00.01.31:814][ 81]LogModuleManager: Shutting down and abandoning module LandscapeEditor (480)
[2017.05.19-00.01.31:814][ 81]LogModuleManager: Shutting down and abandoning module SceneDepthPickerMode (478)
[2017.05.19-00.01.31:814][ 81]LogModuleManager: Shutting down and abandoning module ActorPickerMode (476)
[2017.05.19-00.01.31:814][ 81]LogModuleManager: Shutting down and abandoning module GeometryMode (474)
[2017.05.19-00.01.31:814][ 81]LogModuleManager: Shutting down and abandoning module TextureAlignMode (472)
[2017.05.19-00.01.31:814][ 81]LogModuleManager: Shutting down and abandoning module BspMode (470)
[2017.05.19-00.01.31:814][ 81]LogModuleManager: Shutting down and abandoning module HardwareSurvey (468)
[2017.05.19-00.01.31:814][ 81]LogModuleManager: Shutting down and abandoning module SequenceRecorderSections (466)
[2017.05.19-00.01.31:814][ 81]LogModuleManager: Shutting down and abandoning module AutomationWorker (464)
[2017.05.19-00.01.31:814][ 81]LogModuleManager: Shutting down and abandoning module MatineeToLevelSequence (462)
[2017.05.19-00.01.31:814][ 81]LogModuleManager: Shutting down and abandoning module LevelSequenceEditor (460)
[2017.05.19-00.01.31:815][ 81]LogModuleManager: Shutting down and abandoning module PlacementMode (459)
[2017.05.19-00.01.31:815][ 81]LogModuleManager: Shutting down and abandoning module WmfMediaFactory (456)
[2017.05.19-00.01.31:815][ 81]LogModuleManager: Shutting down and abandoning module WmfMediaEditor (454)
[2017.05.19-00.01.31:815][ 81]LogModuleManager: Shutting down and abandoning module MfMediaFactory (452)
[2017.05.19-00.01.31:815][ 81]LogModuleManager: Shutting down and abandoning module MfMediaEditor (450)
[2017.05.19-00.01.31:815][ 81]LogModuleManager: Shutting down and abandoning module AvfMediaFactory (448)
[2017.05.19-00.01.31:815][ 81]LogModuleManager: Shutting down and abandoning module AvfMediaEditor (446)
[2017.05.19-00.01.31:815][ 81]LogModuleManager: Shutting down and abandoning module AndroidMediaFactory (444)
[2017.05.19-00.01.31:815][ 81]LogModuleManager: Shutting down and abandoning module Media (443)
[2017.05.19-00.01.31:815][ 81]LogModuleManager: Shutting down and abandoning module AndroidMediaEditor (440)
[2017.05.19-00.01.31:815][ 81]LogModuleManager: Shutting down and abandoning module CharacterAI (438)
[2017.05.19-00.01.31:815][ 81]LogModuleManager: Shutting down and abandoning module AudioCapture (436)
[2017.05.19-00.01.31:815][ 81]LogModuleManager: Shutting down and abandoning module SequenceRecorder (435)
[2017.05.19-00.01.31:815][ 81]LogModuleManager: Shutting down and abandoning module SmartSnapping (432)
[2017.05.19-00.01.31:815][ 81]LogModuleManager: Shutting down and abandoning module SessionServices (430)
[2017.05.19-00.01.31:815][ 81]LogModuleManager: Shutting down and abandoning module ViewportSnapping (428)
[2017.05.19-00.01.31:815][ 81]LogModuleManager: Shutting down and abandoning module ViewportInteraction (426)
[2017.05.19-00.01.31:815][ 81]LogModuleManager: Shutting down and abandoning module LogVisualizer (424)
[2017.05.19-00.01.31:815][ 81]LogModuleManager: Shutting down and abandoning module IntroTutorials (422)
[2017.05.19-00.01.31:815][ 81]LogModuleManager: Shutting down and abandoning module GameProjectGeneration (421)
[2017.05.19-00.01.31:815][ 81]LogModuleManager: Shutting down and abandoning module EditorLiveStreaming (418)
[2017.05.19-00.01.31:815][ 81]LogModuleManager: Shutting down and abandoning module IOSPlatformEditor (416)
[2017.05.19-00.01.31:815][ 81]LogModuleManager: Shutting down and abandoning module HTML5PlatformEditor (414)
[2017.05.19-00.01.31:815][ 81]LogModuleManager: Shutting down and abandoning module AndroidPlatformEditor (412)
[2017.05.19-00.01.31:815][ 81]LogModuleManager: Shutting down and abandoning module AndroidDeviceDetection (411)
[2017.05.19-00.01.32:137][ 81]LogModuleManager: Shutting down and abandoning module IOSRuntimeSettings (408)
[2017.05.19-00.01.32:137][ 81]LogModuleManager: Shutting down and abandoning module AndroidRuntimeSettings (406)
[2017.05.19-00.01.32:137][ 81]LogModuleManager: Shutting down and abandoning module InputBindingEditor (404)
[2017.05.19-00.01.32:137][ 81]LogModuleManager: Shutting down and abandoning module NiagaraEditor (402)
[2017.05.19-00.01.32:137][ 81]LogModuleManager: Shutting down and abandoning module MergeActors (400)
[2017.05.19-00.01.32:137][ 81]LogModuleManager: Shutting down and abandoning module SizeMap (398)
[2017.05.19-00.01.32:137][ 81]LogModuleManager: Shutting down and abandoning module TreeMap (396)
[2017.05.19-00.01.32:137][ 81]LogModuleManager: Shutting down and abandoning module ReferenceViewer (394)
[2017.05.19-00.01.32:137][ 81]LogModuleManager: Shutting down and abandoning module LocalizationDashboard (392)
[2017.05.19-00.01.32:137][ 81]LogModuleManager: Shutting down and abandoning module LocalizationService (391)
[2017.05.19-00.01.32:137][ 81]LogModuleManager: Shutting down and abandoning module HardwareTargeting (388)
[2017.05.19-00.01.32:137][ 81]LogModuleManager: Shutting down and abandoning module DeviceProfileEditor (386)
[2017.05.19-00.01.32:137][ 81]LogModuleManager: Shutting down and abandoning module UndoHistory (384)
[2017.05.19-00.01.32:137][ 81]LogModuleManager: Shutting down and abandoning module UserFeedback (382)
[2017.05.19-00.01.32:137][ 81]LogModuleManager: Shutting down and abandoning module XmlParser (380)
[2017.05.19-00.01.32:137][ 81]LogModuleManager: Shutting down and abandoning module Blutility (378)
[2017.05.19-00.01.32:137][ 81]LogModuleManager: Shutting down and abandoning module ProjectSettingsViewer (376)
[2017.05.19-00.01.32:137][ 81]LogModuleManager: Shutting down and abandoning module ProjectTargetPlatformEditor (375)
[2017.05.19-00.01.32:137][ 81]LogModuleManager: Shutting down and abandoning module EditorSettingsViewer (372)
[2017.05.19-00.01.32:137][ 81]LogModuleManager: Shutting down and abandoning module SettingsEditor (370)
[2017.05.19-00.01.32:137][ 81]LogModuleManager: Shutting down and abandoning module ProjectLauncher (368)
[2017.05.19-00.01.32:137][ 81]LogModuleManager: Shutting down and abandoning module SessionFrontend (366)
[2017.05.19-00.01.32:137][ 81]LogModuleManager: Shutting down and abandoning module ProfilerClient (364)
[2017.05.19-00.01.32:137][ 81]LogModuleManager: Shutting down and abandoning module DeviceManager (362)
[2017.05.19-00.01.32:137][ 81]LogModuleManager: Shutting down and abandoning module TargetDeviceServices (361)
[2017.05.19-00.01.32:192][ 81]LogModuleManager: Shutting down and abandoning module AutomationController (358)
[2017.05.19-00.01.32:192][ 81]LogModuleManager: Shutting down and abandoning module AutomationWindow (356)
[2017.05.19-00.01.32:192][ 81]LogModuleManager: Shutting down and abandoning module Layers (354)
[2017.05.19-00.01.32:192][ 81]LogModuleManager: Shutting down and abandoning module ComponentVisualizers (352)
[2017.05.19-00.01.32:192][ 81]LogModuleManager: Shutting down and abandoning module DetailCustomizations (350)
[2017.05.19-00.01.32:192][ 81]LogModuleManager: Shutting down and abandoning module PackagesDialog (348)
[2017.05.19-00.01.32:192][ 81]LogModuleManager: Shutting down and abandoning module Persona (346)
[2017.05.19-00.01.32:192][ 81]LogModuleManager: Shutting down and abandoning module AnimGraph (345)
[2017.05.19-00.01.32:192][ 81]LogModuleManager: Shutting down and abandoning module Kismet (342)
[2017.05.19-00.01.32:203][ 81]LogModuleManager: Shutting down and abandoning module GraphEditor (340)
[2017.05.19-00.01.32:203][ 81]LogModuleManager: Shutting down and abandoning module ClassViewer (338)
[2017.05.19-00.01.32:203][ 81]LogModuleManager: Shutting down and abandoning module Toolbox (336)
[2017.05.19-00.01.32:203][ 81]LogModuleManager: Shutting down and abandoning module ModuleUI (334)
[2017.05.19-00.01.32:203][ 81]LogModuleManager: Shutting down and abandoning module MovieSceneTools (332)
[2017.05.19-00.01.32:203][ 81]LogModuleManager: Shutting down and abandoning module OutputLog (330)
[2017.05.19-00.01.32:203][ 81]LogModuleManager: Shutting down and abandoning module GammaUI (328)
[2017.05.19-00.01.32:203][ 81]LogModuleManager: Shutting down and abandoning module Documentation (326)
[2017.05.19-00.01.32:203][ 81]LogModuleManager: Shutting down and abandoning module Niagara (324)
[2017.05.19-00.01.32:203][ 81]LogModuleManager: Shutting down and abandoning module StreamingPauseRendering (322)
[2017.05.19-00.01.32:203][ 81]LogModuleManager: Shutting down and abandoning module AnalyticsET (320)
[2017.05.19-00.01.32:203][ 81]LogModuleManager: Shutting down and abandoning module PortalServices (318)
[2017.05.19-00.01.32:203][ 81]LogModuleManager: Shutting down and abandoning module PortalRpc (316)
[2017.05.19-00.01.32:203][ 81]LogModuleManager: Shutting down and abandoning module MessagingRpc (314)
[2017.05.19-00.01.32:203][ 81]LogModuleManager: Shutting down and abandoning module AIModule (312)
[2017.05.19-00.01.32:203][ 81]LogModuleManager: Shutting down and abandoning module GameplayDebugger (311)
[2017.05.19-00.01.32:203][ 81]LogModuleManager: Shutting down and abandoning module AITestSuite (309)
[2017.05.19-00.01.32:203][ 81]LogModuleManager: Shutting down and abandoning module ProfilerService (306)
[2017.05.19-00.01.32:315][ 81]LogModuleManager: Shutting down and abandoning module TaskGraph (304)
[2017.05.19-00.01.32:315][ 81]LogModuleManager: Shutting down and abandoning module SteamVRController (302)
[2017.05.19-00.01.32:315][ 81]LogModuleManager: Shutting down and abandoning module SteamVR (300)
[2017.05.19-00.01.32:315][ 81]LogModuleManager: Shutting down and abandoning module ProceduralMeshComponentEditor (298)
[2017.05.19-00.01.32:315][ 81]LogModuleManager: Shutting down and abandoning module ProceduralMeshComponent (296)
[2017.05.19-00.01.32:315][ 81]LogModuleManager: Shutting down and abandoning module OculusLibrary (294)
[2017.05.19-00.01.32:315][ 81]LogModuleManager: Shutting down and abandoning module OculusInput (292)
[2017.05.19-00.01.32:315][ 81]LogModuleManager: Shutting down and abandoning module MobilePatchingUtils (290)
[2017.05.19-00.01.32:315][ 81]LogModuleManager: Shutting down and abandoning module CustomMeshComponent (288)
[2017.05.19-00.01.32:315][ 81]LogModuleManager: Shutting down and abandoning module CableComponent (286)
[2017.05.19-00.01.32:315][ 81]LogModuleManager: Shutting down and abandoning module ArchVisCharacter (284)
[2017.05.19-00.01.32:315][ 81]LogModuleManager: Shutting down and abandoning module MediaPlayerEditor (280)
[2017.05.19-00.01.32:315][ 81]LogModuleManager: Shutting down and abandoning module HTML5Networking (278)
[2017.05.19-00.01.32:315][ 81]LogModuleManager: Shutting down and abandoning module AlembicImporter (276)
[2017.05.19-00.01.32:316][ 81]LogModuleManager: Shutting down and abandoning module AlembicLibrary (275)
[2017.05.19-00.01.32:316][ 81]LogModuleManager: Shutting down and abandoning module GeometryCache (274)
[2017.05.19-00.01.32:316][ 81]LogModuleManager: Shutting down and abandoning module GeometryCacheEd (273)
[2017.05.19-00.01.32:316][ 81]LogModuleManager: Shutting down and abandoning module SuperSearchEditor (268)
[2017.05.19-00.01.32:316][ 81]LogModuleManager: Shutting down and abandoning module SuperSearch (267)
[2017.05.19-00.01.32:316][ 81]LogModuleManager: Shutting down and abandoning module SpeedTreeImporter (264)
[2017.05.19-00.01.32:316][ 81]LogModuleManager: Shutting down and abandoning module PluginBrowser (262)
[2017.05.19-00.01.32:316][ 81]LogModuleManager: Shutting down and abandoning module MobileLauncherProfileWizard (260)
[2017.05.19-00.01.32:316][ 81]LogModuleManager: Shutting down and abandoning module EpicSurvey (258)
[2017.05.19-00.01.32:316][ 81]LogModuleManager: Shutting down and abandoning module VisualStudioSourceCodeAccess (256)
[2017.05.19-00.01.32:316][ 81]LogModuleManager: Shutting down and abandoning module DesktopPlatform (255)
[2017.05.19-00.01.32:316][ 81]LogModuleManager: Shutting down and abandoning module UObjectPlugin (252)
[2017.05.19-00.01.32:316][ 81]LogModuleManager: Shutting down and abandoning module SubversionSourceControl (250)
[2017.05.19-00.01.32:316][ 81]LogModuleManager: Shutting down and abandoning module PerforceSourceControl (248)
[2017.05.19-00.01.32:316][ 81]LogModuleManager: Shutting down and abandoning module GitSourceControl (246)
[2017.05.19-00.01.32:316][ 81]LogModuleManager: Shutting down and abandoning module SourceControl (245)
[2017.05.19-00.01.32:316][ 81]LogModuleManager: Shutting down and abandoning module LightPropagationVolumeEditor (242)
[2017.05.19-00.01.32:316][ 81]LogModuleManager: Shutting down and abandoning module PaperTiledImporter (240)
[2017.05.19-00.01.32:316][ 81]LogModuleManager: Shutting down and abandoning module PaperSpriteSheetImporter (238)
[2017.05.19-00.01.32:316][ 81]LogModuleManager: Shutting down and abandoning module Paper2DEditor (236)
[2017.05.19-00.01.32:316][ 81]LogModuleManager: Shutting down and abandoning module MeshPaint (235)
[2017.05.19-00.01.32:316][ 81]LogModuleManager: Shutting down and abandoning module LevelEditor (233)
[2017.05.19-00.01.32:317][ 81]LogModuleManager: Shutting down and abandoning module PixelInspectorModule (232)
[2017.05.19-00.01.32:317][ 81]LogModuleManager: Shutting down and abandoning module MainFrame (230)
[2017.05.19-00.01.32:317][ 81]LogModuleManager: Shutting down and abandoning module HotReload (229)
[2017.05.19-00.01.32:318][ 81]LogModuleManager: Shutting down and abandoning module ContentBrowser (225)
[2017.05.19-00.01.32:319][ 81]LogModuleManager: Shutting down and abandoning module PhysXVehiclesEditor (222)
[2017.05.19-00.01.32:319][ 81]LogModuleManager: Shutting down and abandoning module PhysXVehicles (220)
[2017.05.19-00.01.32:319][ 81]LogModuleManager: Shutting down and abandoning module LocationServicesBPLibrary (218)
[2017.05.19-00.01.32:319][ 81]LogModuleManager: Shutting down and abandoning module UdpMessaging (216)
[2017.05.19-00.01.32:420][ 81]LogModuleManager: Shutting down and abandoning module TcpMessaging (214)
[2017.05.19-00.01.32:520][ 81]LogModuleManager: Shutting down and abandoning module GameplayTagsEditor (212)
[2017.05.19-00.01.32:520][ 81]LogModuleManager: Shutting down and abandoning module FacialAnimationEditor (210)
[2017.05.19-00.01.32:520][ 81]LogModuleManager: Shutting down and abandoning module FacialAnimation (208)
[2017.05.19-00.01.32:520][ 81]LogModuleManager: Shutting down and abandoning module LightPropagationVolumeRuntime (206)
[2017.05.19-00.01.32:520][ 81]LogModuleManager: Shutting down and abandoning module Paper2D (204)
[2017.05.19-00.01.32:520][ 81]LogModuleManager: Shutting down and abandoning module WindowsMoviePlayer (202)
[2017.05.19-00.01.32:520][ 81]LogModuleManager: Shutting down and abandoning module WmfMedia (200)
[2017.05.19-00.01.32:520][ 81]LogModuleManager: Shutting down and abandoning module MfMedia (198)
[2017.05.19-00.01.32:520][ 81]LogModuleManager: Shutting down and abandoning module MediaAssets (196)
[2017.05.19-00.01.32:520][ 81]LogModuleManager: Shutting down and abandoning module GameLiveStreaming (194)
[2017.05.19-00.01.32:521][ 81]LogModuleManager: Shutting down and abandoning module VREditor (192)
[2017.05.19-00.01.32:521][ 81]LogModuleManager: Shutting down and abandoning module GameplayTasksEditor (190)
[2017.05.19-00.01.32:521][ 81]LogModuleManager: Shutting down and abandoning module BehaviorTreeEditor (188)
[2017.05.19-00.01.32:521][ 81]LogModuleManager: Shutting down and abandoning module FunctionalTesting (186)
[2017.05.19-00.01.32:521][ 81]LogModuleManager: Shutting down and abandoning module CollisionAnalyzer (184)
[2017.05.19-00.01.32:521][ 81]LogModuleManager: Shutting down and abandoning module UMG (182)
[2017.05.19-00.01.32:521][ 81]LogModuleManager: Shutting down and abandoning module UMGEditor (181)
[2017.05.19-00.01.32:521][ 81]LogModuleManager: Shutting down and abandoning module Sequencer (180)
[2017.05.19-00.01.32:521][ 81]LogModuleManager: Shutting down and abandoning module AssetTools (178)
[2017.05.19-00.01.32:521][ 81]LogModuleManager: Shutting down and abandoning module MessageLog (177)
[2017.05.19-00.01.32:521][ 81]LogModuleManager: Shutting down and abandoning module WorkspaceMenuStructure (176)
[2017.05.19-00.01.32:521][ 81]LogModuleManager: Shutting down and abandoning module SlateReflector (170)
[2017.05.19-00.01.32:521][ 81]LogModuleManager: Shutting down and abandoning module Slate (168)
[2017.05.19-00.01.32:521][ 81]LogModuleManager: Shutting down and abandoning module EditorStyle (166)
[2017.05.19-00.01.32:524][ 81]LogModuleManager: Shutting down and abandoning module SourceCodeAccess (164)
[2017.05.19-00.01.32:525][ 81]LogModuleManager: Shutting down and abandoning module HeadMountedDisplay (162)
[2017.05.19-00.01.32:525][ 81]LogModuleManager: Shutting down and abandoning module XAudio2 (160)
[2017.05.19-00.01.32:525][ 81]LogModuleManager: Shutting down and abandoning module Networking (158)
[2017.05.19-00.01.32:525][ 81]LogModuleManager: Shutting down and abandoning module Core (154)
[2017.05.19-00.01.32:525][ 81]LogModuleManager: Shutting down and abandoning module AssetRegistry (152)
[2017.05.19-00.01.32:617][ 81]LogDirectoryWatcher: A directory notification for '../../../Engine/Content/' was aborted.
[2017.05.19-00.01.32:617][ 81]LogDirectoryWatcher: A directory notification for '../../../../../../Users/Blake/Documents/Juego/MyProject12/Content/' was aborted.
[2017.05.19-00.01.32:617][ 81]LogDirectoryWatcher: A directory notification for '../../../Engine/Plugins/2D/Paper2D/Content/' was aborted.
[2017.05.19-00.01.32:618][ 81]LogModuleManager: Shutting down and abandoning module DirectoryWatcher (151)
[2017.05.19-00.01.32:620][ 81]LogModuleManager: Shutting down and abandoning module KismetCompiler (148)
[2017.05.19-00.01.32:620][ 81]LogModuleManager: Shutting down and abandoning module PhysXFormats (146)
[2017.05.19-00.01.32:620][ 81]LogModuleManager: Shutting down and abandoning module MeshUtilities (144)
[2017.05.19-00.01.32:620][ 81]LogModuleManager: Shutting down and abandoning module SimplygonSwarm (143)
[2017.05.19-00.01.32:620][ 81]LogModuleManager: Shutting down and abandoning module SimplygonMeshReduction (141)
[2017.05.19-00.01.32:620][ 81]LogModuleManager: Shutting down and abandoning module QuadricMeshReduction (139)
[2017.05.19-00.01.32:620][ 81]LogModuleManager: Shutting down and abandoning module PropertyEditor (137)
[2017.05.19-00.01.32:620][ 81]LogModuleManager: Shutting down and abandoning module DerivedDataCache (134)
[2017.05.19-00.01.32:674][ 81]LogDerivedDataCache: Shutdown
[2017.05.19-00.01.32:674][ 81]LogModuleManager: Shutting down and abandoning module TargetPlatform (132)
[2017.05.19-00.01.32:674][ 81]LogModuleManager: Shutting down and abandoning module VulkanShaderFormat (131)
[2017.05.19-00.01.32:674][ 81]LogModuleManager: Shutting down and abandoning module ShaderFormatOpenGL (129)
[2017.05.19-00.01.32:674][ 81]LogModuleManager: Shutting down and abandoning module ShaderFormatD3D (127)
[2017.05.19-00.01.32:674][ 81]LogModuleManager: Shutting down and abandoning module MetalShaderFormat (125)
[2017.05.19-00.01.32:674][ 81]LogModuleManager: Shutting down and abandoning module TextureFormatUncompressed (123)
[2017.05.19-00.01.32:674][ 81]LogModuleManager: Shutting down and abandoning module TextureFormatPVR (121)
[2017.05.19-00.01.32:674][ 81]LogModuleManager: Shutting down and abandoning module TextureFormatDXT (119)
[2017.05.19-00.01.32:674][ 81]LogModuleManager: Shutting down and abandoning module TextureFormatIntelISPCTexComp (117)
[2017.05.19-00.01.32:675][ 81]LogModuleManager: Shutting down and abandoning module TextureFormatASTC (115)
[2017.05.19-00.01.32:675][ 81]LogModuleManager: Shutting down and abandoning module ImageWrapper (114)
[2017.05.19-00.01.32:675][ 81]LogModuleManager: Shutting down and abandoning module TextureFormatAndroid (111)
[2017.05.19-00.01.32:675][ 81]LogModuleManager: Shutting down and abandoning module AudioFormatOpus (109)
[2017.05.19-00.01.32:675][ 81]LogModuleManager: Shutting down and abandoning module AudioFormatOgg (107)
[2017.05.19-00.01.32:675][ 81]LogModuleManager: Shutting down and abandoning module AudioFormatADPCM (105)
[2017.05.19-00.01.32:675][ 81]LogModuleManager: Shutting down and abandoning module LinuxTargetPlatform (103)
[2017.05.19-00.01.32:675][ 81]LogModuleManager: Shutting down and abandoning module LinuxServerTargetPlatform (101)
[2017.05.19-00.01.32:675][ 81]LogModuleManager: Shutting down and abandoning module LinuxNoEditorTargetPlatform (99)
[2017.05.19-00.01.32:675][ 81]LogModuleManager: Shutting down and abandoning module LinuxClientTargetPlatform (97)
[2017.05.19-00.01.32:675][ 81]LogModuleManager: Shutting down and abandoning module TVOSTargetPlatform (95)
[2017.05.19-00.01.32:675][ 81]LogModuleManager: Shutting down and abandoning module Messaging (93)
[2017.05.19-00.01.32:675][ 81]LogModuleManager: Shutting down and abandoning module IOSTargetPlatform (91)
[2017.05.19-00.01.32:675][ 81]LogModuleManager: Shutting down and abandoning module HTML5TargetPlatform (89)
[2017.05.19-00.01.32:675][ 81]LogModuleManager: Shutting down and abandoning module Android_PVRTCTargetPlatform (87)
[2017.05.19-00.01.32:675][ 81]LogModuleManager: Shutting down and abandoning module Android_MultiTargetPlatform (85)
[2017.05.19-00.01.32:675][ 81]LogModuleManager: Shutting down and abandoning module Android_ETC2TargetPlatform (83)
[2017.05.19-00.01.32:675][ 81]LogModuleManager: Shutting down and abandoning module Android_ETC1TargetPlatform (81)
[2017.05.19-00.01.32:675][ 81]LogModuleManager: Shutting down and abandoning module Android_DXTTargetPlatform (79)
[2017.05.19-00.01.32:675][ 81]LogModuleManager: Shutting down and abandoning module Android_ATCTargetPlatform (77)
[2017.05.19-00.01.32:675][ 81]LogModuleManager: Shutting down and abandoning module Android_ASTCTargetPlatform (75)
[2017.05.19-00.01.32:675][ 81]LogModuleManager: Shutting down and abandoning module AndroidTargetPlatform (73)
[2017.05.19-00.01.32:675][ 81]LogModuleManager: Shutting down and abandoning module WindowsTargetPlatform (71)
[2017.05.19-00.01.32:675][ 81]LogModuleManager: Shutting down and abandoning module WindowsServerTargetPlatform (69)
[2017.05.19-00.01.32:675][ 81]LogModuleManager: Shutting down and abandoning module WindowsNoEditorTargetPlatform (67)
[2017.05.19-00.01.32:675][ 81]LogModuleManager: Shutting down and abandoning module WindowsClientTargetPlatform (65)
[2017.05.19-00.01.32:675][ 81]LogModuleManager: Shutting down and abandoning module MacTargetPlatform (63)
[2017.05.19-00.01.32:675][ 81]LogModuleManager: Shutting down and abandoning module MacServerTargetPlatform (61)
[2017.05.19-00.01.32:675][ 81]LogModuleManager: Shutting down and abandoning module MacNoEditorTargetPlatform (59)
[2017.05.19-00.01.32:675][ 81]LogModuleManager: Shutting down and abandoning module MacClientTargetPlatform (57)
[2017.05.19-00.01.32:675][ 81]LogModuleManager: Shutting down and abandoning module AllDesktopTargetPlatform (55)
[2017.05.19-00.01.32:675][ 81]LogModuleManager: Shutting down and abandoning module InputCore (52)
[2017.05.19-00.01.32:675][ 81]LogModuleManager: Shutting down and abandoning module Settings (50)
[2017.05.19-00.01.32:675][ 81]LogModuleManager: Shutting down and abandoning module OculusRift (48)
[2017.05.19-00.01.32:675][ 81]LogModuleManager: Shutting down and abandoning module GearVR (46)
[2017.05.19-00.01.32:675][ 81]LogModuleManager: Shutting down and abandoning module ExampleDeviceProfileSelector (44)
[2017.05.19-00.01.32:675][ 81]LogModuleManager: Shutting down and abandoning module OnlineBlueprintSupport (42)
[2017.05.19-00.01.32:675][ 81]LogModuleManager: Shutting down and abandoning module OnlineSubsystem (38)
[2017.05.19-00.01.32:675][ 81]LogOnline:Display: Unloading online subsystem: NULL
[2017.05.19-00.01.32:675][ 81]LogModuleManager: Shutting down and abandoning module XMPP (37)
[2017.05.19-00.01.32:675][ 81]LogModuleManager: Shutting down and abandoning module HTTP (35)
[2017.05.19-00.01.32:675][ 81]LogHttp:Display: Http module shutting down, but needs to wait on 1 outstanding Http requests:
[2017.05.19-00.01.32:675][ 81]LogHttp:Display: 	verb=[POST] url=[https://datarouter.ol.epicgames.com/datarouter/api/v1/public/data?SessionID=%7BE5F1F371-4A5B-551A-58B9-03A1C9038C1B%7D&AppID=UEEditor.Rocket.Release&AppVersion=4.15.1-3348071%2B%2B%2BUE4%2BRelease-4.15&UserID=2cb739574aae598bde73f980054367ae%7Cd9a5f50831294f13bd4a545cb2b27780%7Cfe3a12d4-c04e-4cc6-83d0-4abb403d1662&AppEnvironment=datacollector-binary&UploadType=eteventstream] status=Processing
[2017.05.19-00.01.32:696][ 81]LogModuleManager: Shutting down and abandoning module SSL (34)
[2017.05.19-00.01.32:698][ 81]LogModuleManager: Shutting down and abandoning module AudioEditor (30)
[2017.05.19-00.01.32:698][ 81]LogModuleManager: Shutting down and abandoning module TextureCompressor (28)
[2017.05.19-00.01.32:698][ 81]LogModuleManager: Shutting down and abandoning module ShaderCore (26)
[2017.05.19-00.01.32:698][ 81]LogModuleManager: Shutting down and abandoning module Landscape (24)
[2017.05.19-00.01.32:699][ 81]LogModuleManager: Shutting down and abandoning module SlateRHIRenderer (22)
[2017.05.19-00.01.32:703][ 81]LogModuleManager: Shutting down and abandoning module OpenGLDrv (20)
[2017.05.19-00.01.32:703][ 81]LogModuleManager: Shutting down and abandoning module D3D11RHI (18)
[2017.05.19-00.01.32:703][ 81]LogModuleManager: Shutting down and abandoning module AnimGraphRuntime (16)
[2017.05.19-00.01.32:703][ 81]LogModuleManager: Shutting down and abandoning module Renderer (14)
[2017.05.19-00.01.32:703][ 81]LogModuleManager: Shutting down and abandoning module Engine (12)
[2017.05.19-00.01.32:703][ 81]LogModuleManager: Shutting down and abandoning module CoreUObject (10)
[2017.05.19-00.01.32:703][ 81]LogModuleManager: Shutting down and abandoning module NetworkFile (8)
[2017.05.19-00.01.32:703][ 81]LogModuleManager: Shutting down and abandoning module StreamingFile (6)
[2017.05.19-00.01.32:703][ 81]LogModuleManager: Shutting down and abandoning module SandboxFile (4)
[2017.05.19-00.01.32:703][ 81]LogModuleManager: Shutting down and abandoning module PakFile (2)
[2017.05.19-00.01.32:705][ 81]LogExit: Exiting.
[2017.05.19-00.01.32:730][ 81]Log file closed, 05/18/17 21:01:32
